GROUP,PACKAGE,CLASS,INSTRUCTION_MISSED,INSTRUCTION_COVERED,BRANCH_MISSED,BRANCH_COVERED,LINE_MISSED,LINE_COVERED,COMPLEXITY_MISSED,COMPLEXITY_COVERED,METHOD_MISSED,METHOD_COVERED
mp4-analyzer,com.example.analyzer.model,Box,0,31,0,0,0,10,0,5,0,5
mp4-analyzer,com.example.analyzer.model,BoxType,0,123,0,0,0,23,0,1,0,1
mp4-analyzer,com.example.analyzer,AnalyzerApplication,0,8,0,0,0,3,0,2,0,2
mp4-analyzer,com.example.analyzer.service,BoxService,0,66,0,4,0,14,0,4,0,2
mp4-analyzer,com.example.analyzer.controller,AnalyzerController,0,79,0,2,0,25,0,7,0,6
mp4-analyzer,com.example.analyzer.exception,AnalyzerExceptionHandler,0,12,0,0,0,3,0,3,0,3
